"../../../../../Game Project/Matt Aspland Gamejam 2021/EngineFiles/Decobrate/Content/Levels/Level_2/Cinemetic.uasset" 0
"../../../Engine/Content/EngineMaterials/T_Default_Material_Grid_N.uasset" 1
"../../../Engine/Content/EngineMaterials/T_Default_Material_Grid_M.uasset" 2
"../../../Engine/Content/Functions/Engine_MaterialFunctions01/Opacity/CameraDepthFade.uasset" 3
"../../../Engine/Content/EngineMaterials/WorldGridMaterial.uasset" 4
"../../../Engine/Content/ArtTools/RenderToTexture/Meshes/S_1_Unit_Plane.uasset" 5
"../../../Engine/Content/EngineMaterials/DefaultMaterial.uasset" 6
"../../../Engine/Content/BasicShapes/Cone.uasset" 7
"../../../Engine/Content/EditorLandscapeResources/DataLayer.uasset" 8
"../../../Engine/Content/EditorLandscapeResources/DefaultAlphaTexture.uasset" 9
"../../../Engine/Content/EditorMaterials/MAT_Groups_Toggle.uasset" 10
"../../../Engine/Content/EditorMaterials/MAT_Groups_Visibility.uasset" 11
"../../../Engine/Content/EditorMaterials/PreviewShadowIndicator.uasset" 12
"../../../Engine/Content/EditorMaterials/PreviewShadowIndicatorMaterial.uasset" 13
"../../../Engine/Content/EditorMaterials/MatineeGroups/MAT_ColorTrack.uasset" 14
"../../../Engine/Content/EditorMaterials/MatineeGroups/MAT_Groups_Anim.uasset" 15
"../../../Engine/Content/EditorMaterials/MatineeGroups/MAT_Groups_AudioMaster.uasset" 16
"../../../Engine/Content/EditorMaterials/MatineeGroups/MAT_Groups_Director.uasset" 17
"../../../Engine/Content/EditorMaterials/MatineeGroups/MAT_Groups_Event.uasset" 18
"../../../Engine/Content/EditorMaterials/MatineeGroups/MAT_Groups_Fade.uasset" 19
"../../../Engine/Content/EditorMaterials/MatineeGroups/MAT_Groups_Float.uasset" 20
"../../../Engine/Content/EditorMaterials/MatineeGroups/MAT_Groups_Move.uasset" 21
"../../../Engine/Content/EditorMaterials/MatineeGroups/MAT_Groups_Slomo.uasset" 22
"../../../Engine/Content/EditorMaterials/MatineeGroups/MAT_Groups_Sound.uasset" 23
"../../../Engine/Content/EditorMaterials/MatineeGroups/MAT_Groups_Vector.uasset" 24
"../../../Engine/Content/EditorMaterials/ParticleSystems/PSysThumbnail_NoImage.uasset" 25
"../../../Engine/Content/EditorMaterials/ParticleSystems/PSysThumbnail_OOD.uasset" 26
"../../../Engine/Content/EditorMaterials/Camera/CineMat.uasset" 27
"../../../Engine/Content/EditorMaterials/Camera/MI_CineMat_Rig.uasset" 28
"../../../Engine/Content/EditorMeshes/Camera/SM_CraneRig_Arm.uasset" 29
"../../../Engine/Content/EditorMeshes/Camera/SM_CraneRig_Base.uasset" 30
"../../../Engine/Content/EditorMeshes/Camera/SM_CraneRig_Body.uasset" 31
"../../../Engine/Content/EditorMeshes/Camera/SM_CraneRig_Mount.uasset" 32
"../../../Engine/Content/EditorMeshes/Camera/SM_RailRig_Mount.uasset" 33
"../../../Engine/Content/EditorMeshes/Camera/SM_RailRig_Track.uasset" 34
"../../../Engine/Content/EditorResources/BSPVertex.uasset" 35
"../../../Engine/Content/EditorResources/EmptyActor.uasset" 36
"../../../Engine/Content/EditorResources/S_Actor.uasset" 37
"../../../Engine/Content/EditorResources/S_Note.uasset" 38
"../../../Engine/Content/EditorResources/S_Solver.uasset" 39
"../../../Engine/Content/EditorResources/S_Terrain.uasset" 40
"../../../Engine/Content/EditorResources/S_Trigger.uasset" 41
"../../../Engine/Content/EditorResources/AudioIcons/S_AudioComponent_AutoActivate.uasset" 42
"../../../Engine/Content/EditorResources/LightIcons/S_LightError.uasset" 43
"../../../Engine/Content/EditorResources/SequenceRecorder/Countdown.uasset" 44
"../../../Engine/Content/EditorResources/SequenceRecorder/RecordingIndicator.uasset" 45
"../../../Engine/Content/EngineDamageTypes/DmgTypeBP_Environmental.uasset" 46
"../../../Engine/Content/EngineDebugMaterials/DebugEditorMaterial.uasset" 47
"../../../Engine/Content/EngineDebugMaterials/DebugMeshMaterial.uasset" 48
"../../../Engine/Content/EngineDebugMaterials/M_SimpleUnlitTranslucent.uasset" 49
"../../../Engine/Content/EngineDebugMaterials/VolumeToRender.uasset" 50
"../../../Engine/Content/Functions/Engine_MaterialFunctions02/Utility/CameraDirectionVector.uasset" 51
"../../../Engine/Content/EngineDebugMaterials/M_VolumeRenderSphereTracePP.uasset" 52
"../../../Engine/Content/Functions/Engine_MaterialFunctions01/Shading/ConvertFromDiffSpec.uasset" 53
"../../../Engine/Content/EngineDebugMaterials/VertexColorMaterial.uasset" 54
"../../../Engine/Content/EngineDebugMaterials/WireframeMaterial.uasset" 55
"../../../Engine/Content/EngineFonts/Faces/RobotoRegular.uasset" 56
"../../../Engine/Content/EngineFonts/Faces/RobotoLight.uasset" 57
"../../../Engine/Content/EngineFonts/Faces/RobotoItalic.uasset" 58
"../../../Engine/Content/EngineFonts/Faces/RobotoBoldItalic.uasset" 59
"../../../Engine/Content/EngineFonts/Faces/RobotoBold.uasset" 60
"../../../Engine/Content/EngineFonts/Faces/DroidSansFallback.uasset" 61
"../../../Engine/Content/EngineFonts/Roboto.uasset" 62
"../../../Engine/Content/EngineMaterials/BaseFlattenNormalMap.uasset" 63
"../../../Engine/Content/EngineMaterials/BaseFlattenGrayscaleMap.uasset" 64
"../../../Engine/Content/EngineMaterials/BaseFlattenEmissiveMap.uasset" 65
"../../../Engine/Content/EngineMaterials/BaseFlattenDiffuseMap.uasset" 66
"../../../Engine/Content/EngineMaterials/BaseFlattenMaterial.uasset" 67
"../../../Engine/Content/EngineMaterials/BlueNoise.uasset" 68
"../../../Engine/Content/EngineMaterials/DefaultBloomKernel.uasset" 69
"../../../Engine/Content/EngineMaterials/DefaultBokeh.uasset" 70
"../../../Engine/Content/EngineMaterials/DefaultDiffuse.uasset" 71
"../../../Engine/Content/EngineMaterials/DefaultDeferredDecalMaterial.uasset" 72
"../../../Engine/Content/EngineMaterials/DefaultLightFunctionMaterial.uasset" 73
"../../../Engine/Content/Functions/Engine_MaterialFunctions02/Utility/BreakOutFloat2Components.uasset" 74
"../../../Engine/Content/EngineMaterials/DefaultPostProcessMaterial.uasset" 75
"../../../Engine/Content/EngineFonts/RobotoDistanceField.uasset" 76
"../../../Engine/Content/EngineMaterials/DefaultTextMaterialOpaque.uasset" 77
"../../../Engine/Content/EngineMaterials/DefaultWhiteGrid.uasset" 78
"../../../Engine/Content/EngineMaterials/DefaultWhiteGrid_Low.uasset" 79
"../../../Engine/Content/EngineMaterials/EmissiveMeshMaterial.uasset" 80
"../../../Engine/Content/EngineMaterials/GizmoMaterial.uasset" 81
"../../../Engine/Content/EngineMaterials/Good64x64TilingNoiseHighFreq.uasset" 82
"../../../Engine/Content/EngineMaterials/MiniFont.uasset" 83
"../../../Engine/Content/EngineMaterials/InvalidLightmapSettings.uasset" 84
"../../../Engine/Content/EngineMaterials/M_InvalidLightmapSettings.uasset" 85
"../../../Engine/Content/Functions/Engine_MaterialFunctions02/WorldPositionOffset/CameraOffset.uasset" 86
"../../../Engine/Content/EngineMaterials/PhAT_JointLimitMaterial.uasset" 87
"../../../Engine/Content/EngineMaterials/PreintegratedSkinBRDF.uasset" 88
"../../../Engine/Content/EngineMaterials/RemoveSurfaceMaterial.uasset" 89
"../../../Engine/Content/EngineMaterials/WeightMapPlaceholderTexture.uasset" 90
"../../../Engine/Content/EngineResources/WhiteSquareTexture.uasset" 91
"../../../Engine/Content/EngineMaterials/Widget3DPassThrough.uasset" 92
"../../../Engine/Content/EngineMaterials/Widget3DPassThrough_Masked.uasset" 93
"../../../Engine/Content/EngineMaterials/Widget3DPassThrough_Opaque.uasset" 94
"../../../Engine/Content/EngineMaterials/Widget3DPassThrough_Masked_OneSided.uasset" 95
"../../../Engine/Content/EngineMaterials/Widget3DPassThrough_Opaque_OneSided.uasset" 96
"../../../Engine/Content/EngineMaterials/Widget3DPassThrough_Translucent.uasset" 97
"../../../Engine/Content/EngineMaterials/Widget3DPassThrough_Translucent_OneSided.uasset" 98
"../../../Engine/Content/EngineMeshes/Cylinder.uasset" 99
"../../../Engine/Content/EngineMeshes/Sphere.uasset" 100
"../../../Engine/Content/EngineResources/Black.uasset" 101
"../../../Engine/Content/EngineResources/DefaultTextureCube.uasset" 102
"../../../Engine/Content/EngineResources/DefaultVolumeTexture2D.uasset" 103
"../../../Engine/Content/EngineResources/DefaultVolumeTexture.uasset" 104
"../../../Engine/Content/EngineResources/GradientTexture0.uasset" 105
"../../../Engine/Content/EngineSky/VolumetricClouds/T_NoiseShape64.uasset" 106
"../../../Engine/Content/EngineSky/VolumetricClouds/T_VolumeNoiseShape64.uasset" 107
"../../../Engine/Content/EngineSky/VolumetricClouds/T_NoiseErosion.uasset" 108
"../../../Engine/Content/EngineSky/VolumetricClouds/T_VolumeNoiseErosion32.uasset" 109
"../../../Engine/Content/EngineSky/VolumetricClouds/CloudWeatherTexture.uasset" 110
"../../../Engine/Content/EngineSky/VolumetricClouds/CloudGradientTexture.uasset" 111
"../../../Engine/Content/Functions/Engine_MaterialFunctions02/Utility/MakeFloat2.uasset" 112
"../../../Engine/Content/EngineSky/VolumetricClouds/m_SimpleVolumetricCloud.uasset" 113
"../../../Engine/Content/EngineSky/VolumetricClouds/m_SimpleVolumetricCloud_Inst.uasset" 114
"../../../Engine/Content/EngineSounds/Master.uasset" 115
"../../../Engine/Content/Functions/Engine_MaterialFunctions01/Shading/PowerToRoughness.uasset" 116
"../../../Engine/Content/Maps/Templates/Thumbnails/Default.uasset" 117
"../../../Engine/Content/Maps/Templates/Thumbnails/TimeOfDay.uasset" 118
"../../../Engine/Content/Maps/Templates/Thumbnails/VR-Basic.uasset" 119
"../../../Engine/Content/MobileResources/T_MobileControls_texture.uasset" 120
"../../../Engine/Content/MobileResources/T_MobileMenu2.uasset" 121
"../../../Engine/Content/MobileResources/HUD/AnalogHat.uasset" 122
"../../../Engine/Content/MobileResources/HUD/VirtualJoystick_Thumb.uasset" 123
"../../../Engine/Content/MobileResources/HUD/VirtualJoystick_Background.uasset" 124
"../../../Engine/Content/MobileResources/HUD/DefaultVirtualJoysticks.uasset" 125
"../../../Engine/Content/MobileResources/HUD/LeftVirtualJoystickOnly.uasset" 126
"../../../Engine/Content/MobileResources/HUD/MobileHUDButton1_off.uasset" 127
"../../../Engine/Content/MobileResources/HUD/MobileHUDButton1_on.uasset" 128
"../../../Engine/Content/MobileResources/HUD/MobileHUDButton2_off.uasset" 129
"../../../Engine/Content/MobileResources/HUD/MobileHUDButton2_on.uasset" 130
"../../../Engine/Content/MobileResources/HUD/MobileHUDButton3.uasset" 131
"../../../Engine/Content/MobileResources/HUD/MobileHUDButtonFire.uasset" 132
"../../../Engine/Content/MobileResources/HUD/MobileHUDDirectionPad.uasset" 133
"../../../Engine/Content/MobileResources/HUD/MobileHUDDirectionPad2.uasset" 134
"../../../Engine/Content/MobileResources/HUD/MobileHUDDirectionPad3.uasset" 135
"../../../Engine/Content/MobileResources/HUD/MobileHUDDirectionStick.uasset" 136
"../../../Engine/Content/MobileResources/HUD/T_Castle_ThumbstickInner.uasset" 137
"../../../Engine/Content/MobileResources/HUD/T_Castle_ThumbstickOutter.uasset" 138
"../../../Engine/Content/Tutorial/ContentIntroCurve.uasset" 139
"../../../Engine/Content/Tutorial/Basics/LevelEditorAttract.uasset" 140
"../../../Engine/Content/Tutorial/Basics/TutorialAssets/icon_tab_Levels_40x.uasset" 141
"../../../Engine/Content/Tutorial/Basics/LevelEditorOverview.uasset" 142
"../../../Engine/Content/Tutorial/BlueprintTutorials/TutorialAssets/Blueprint_64x.uasset" 143
"../../../Engine/Content/Tutorial/BlueprintTutorials/BlueprintEditorTutorial.uasset" 144
"../../../Engine/Content/Tutorial/Installation/InstallingVisualStudioTutorial.uasset" 145
"../../../Engine/Content/Tutorial/Landscape/TutorialAssets/Landscape.uasset" 146
"../../../Engine/Content/Tutorial/Landscape/LandscapeWalkThrough.uasset" 147
"../../../Engine/Content/Tutorial/Landscape/Landscape_Manage_Mode.uasset" 148
"../../../Engine/Content/EditorBlueprintResources/StandardMacros.uasset" 149
"../../../Engine/Content/Tutorial/Landscape/Landscape_Painting_Mode.uasset" 150
"../../../Engine/Content/Tutorial/Landscape/Landscape_Sculpt_Mode.uasset" 151
"../../../Engine/Content/Tutorial/SubEditors/MaterialEditorTutorial.uasset" 152
"../../../Engine/Content/Tutorial/SubEditors/TutorialAssets/TutorialMaterial.uasset" 153
"../../../Engine/Content/VREditor/TransformGizmo/TranslucentTransformGizmoMaterial.uasset" 154
"../../../Engine/Content/VREditor/LaserPointer/VR_LaserPower_01.uasset" 155
"../../../Engine/Content/VREditor/TransformGizmo/TransformGizmoMaterial.uasset" 156
"../../../Engine/Content/VREditor/TransformGizmo/BoundingBoxCorner.uasset" 157
"../../../Engine/Content/VREditor/TransformGizmo/BoundingBoxEdge.uasset" 158
"../../../Engine/Content/VREditor/TransformGizmo/PlaneTranslationHandle.uasset" 159
"../../../Engine/Content/VREditor/TransformGizmo/Xray.uasset" 160
"../../../Engine/Content/VREditor/TransformGizmo/Main.uasset" 161
"../../../Engine/Content/VREditor/TransformGizmo/SM_Sequencer_Key.uasset" 162
"../../../Engine/Content/VREditor/TransformGizmo/SM_Sequencer_Node.uasset" 163
"../../Plugins/2D/Paper2D/Content/PlaceholderTextures/DummySpriteTexture.uasset" 164
"../../Plugins/2D/Paper2D/Content/DummySprite.uasset" 165
"../../Plugins/2D/Paper2D/Content/DefaultPaperTerrainMaterial.uasset" 166
"../../Plugins/2D/Paper2D/Content/DefaultSpriteMaterial.uasset" 167
"../../Plugins/2D/Paper2D/Content/MaskedUnlitSpriteMaterial.uasset" 168
"../../Plugins/2D/Paper2D/Content/OpaqueUnlitSpriteMaterial.uasset" 169
"../../../Engine/Content/Functions/Engine_MaterialFunctions02/Utility/BreakOutFloat3Components.uasset" 170
"../../Plugins/Editor/SpeedTreeImporter/Content/SpeedTree9/UnpackInteger3.uasset" 171
"../../Plugins/Editor/SpeedTreeImporter/Content/SpeedTree9/UnpackDirection.uasset" 172
"../../Plugins/Editor/SpeedTreeImporter/Content/SpeedTree9/game_wind_noise.uasset" 173
"../../../Engine/Content/Functions/Engine_MaterialFunctions02/SafeNormalize.uasset" 174
"../../Plugins/Editor/SpeedTreeImporter/Content/SpeedTree9/SpeedTreeWindMotion.uasset" 175
"../../Plugins/Editor/SpeedTreeImporter/Content/SpeedTree9/SpeedTreeBranchMotion.uasset" 176
"../../../Engine/Content/Functions/Engine_MaterialFunctions02/ObjectLocalBounds.uasset" 177
"../../../Engine/Content/Functions/Engine_MaterialFunctions02/UVs/BoundingBoxBased_0-1_UVW.uasset" 178
"../../Plugins/Editor/SpeedTreeImporter/Content/SpeedTree9/SpeedTreeWind.uasset" 179
"../../Plugins/Editor/SpeedTreeImporter/Content/SpeedTree9/SpeedTreeBillboard.uasset" 180
"../../../Engine/Content/EngineResources/DefaultTexture.uasset" 181
"../../Plugins/Editor/SpeedTreeImporter/Content/SpeedTree9/SpeedTreeBillboardMaster.uasset" 182
"../../Plugins/Editor/SpeedTreeImporter/Content/SpeedTree9/SpeedTreeCameraFacing.uasset" 183
"../../Plugins/Editor/SpeedTreeImporter/Content/SpeedTree9/SpeedTreeMaster.uasset" 184
"../../../Engine/Content/BasicShapes/Cylinder.uasset" 185
"../../../Engine/Content/ArtTools/RenderToTexture/Materials/Debug/M_Emissive_Color.uasset" 186
"../../Plugins/Lumin/MagicLeapPassableWorld/Content/MagicLeapARPinInfoActor.uasset" 187
"../../../Engine/Content/Functions/Engine_MaterialFunctions02/Utility/BreakOutFloat4Components.uasset" 188
"../../../Engine/Content/Functions/Engine_MaterialFunctions02/Utility/MakeFloat3.uasset" 189
"../../Plugins/Runtime/Oculus/OculusVR/Content/Materials/OculusMR_ChromaKey.uasset" 190
"../../Plugins/Runtime/Oculus/OculusVR/Content/Materials/OculusMR_OpaqueColoredMaterial.uasset" 191
"../../Plugins/Runtime/Oculus/OculusVR/Content/Materials/PokeAHoleMaterial.uasset" 192
"../../../../../Game Project/Matt Aspland Gamejam 2021/EngineFiles/Decobrate/Content/PN_LowpolyGras/Textures/Grass_05/grass_05_brush_01_Vec.uasset" 193
"../../../../../Game Project/Matt Aspland Gamejam 2021/EngineFiles/Decobrate/Content/PN_LowpolyGras/Textures/Grass_05/grass_05_brush_01_PIV.uasset" 194
"../../../Engine/Content/Functions/Engine_MaterialFunctions02/ExampleContent/Textures/WindTurblenceVectorAndGustMagnitude.uasset" 195
"../../../../../Game Project/Matt Aspland Gamejam 2021/EngineFiles/Decobrate/Content/PN_LowpolyGras/Materials/PN_WindParameters.uasset" 196
"../../../Engine/Content/Functions/Engine_MaterialFunctions02/Utility/VectorLength.uasset" 197
"../../../Engine/Content/Functions/Engine_MaterialFunctions02/WorldPositionOffset/ObjectScale.uasset" 198
"../../../Engine/Content/Functions/Engine_MaterialFunctions02/PivotPainter2/ms_PivotPainter2_DecodePostion.uasset" 199
"../../../Engine/Content/Functions/Engine_MaterialFunctions02/PivotPainter2/ms_PivotPainter2_DecodeAxisVector.uasset" 200
"../../../Engine/Content/Functions/Engine_MaterialFunctions02/PivotPainter2/ms_PivotPainter2_Decode8BitAlphaAxisExtent.uasset" 201
"../../../Engine/Content/Functions/Engine_MaterialFunctions02/ExampleContent/PivotPainter2/test2_rgb_PivotPos_a_ParentIndexInt_UV_2.uasset" 202
"../../../Engine/Content/Functions/Engine_MaterialFunctions02/ExampleContent/PivotPainter2/SimpExPivPos.uasset" 203
"../../../Engine/Content/Functions/Engine_MaterialFunctions02/ExampleContent/PivotPainter2/PP2_rgb_XVect_a_XExtent.uasset" 204
"../../../../../Game Project/Matt Aspland Gamejam 2021/EngineFiles/Decobrate/Content/PN_LowpolyGras/Materials/MaterialFunctions/PN_WindAnimation.uasset" 205
"../../../../../Game Project/Matt Aspland Gamejam 2021/EngineFiles/Decobrate/Content/PN_LowpolyGras/Materials/MaterialFunctions/PN_Bending.uasset" 206
"../../../Engine/Content/Functions/Engine_MaterialFunctions02/WorldPositionOffset/ObjectPivotPoint.uasset" 207
"../../../../../Game Project/Matt Aspland Gamejam 2021/EngineFiles/Decobrate/Content/PN_LowpolyGras/Materials/MaterialFunctions/PN_MultiBend.uasset" 208
"../../../Engine/Content/Functions/Engine_MaterialFunctions02/PivotPainter2/2dArrayLookupByIndex.uasset" 209
"../../../Engine/Content/Functions/Engine_MaterialFunctions02/PivotPainter2/ms_PivotPainter2_ReturnParentTextureInfo.uasset" 210
"../../../Engine/Content/Functions/Engine_MaterialFunctions02/PivotPainter2/ms_PivotPainter2_CalculateMeshElementIndex.uasset" 211
"../../../Engine/Content/Functions/Engine_MaterialFunctions02/ms_PivotPainter2_UnpackIntegerAsFloat.uasset" 212
"../../../Engine/Content/Functions/Engine_MaterialFunctions02/Math/TimeWithSpeedVariable.uasset" 213
"../../../Engine/Content/Functions/Engine_MaterialFunctions02/Lerp_Multiple_Float2.uasset" 214
"../../../../../Game Project/Matt Aspland Gamejam 2021/EngineFiles/Decobrate/Content/PN_LowpolyGras/Materials/MaterialFunctions/PN_BendingParameters.uasset" 215
"../../../../../Game Project/Matt Aspland Gamejam 2021/EngineFiles/Decobrate/Content/PN_LowpolyGras/Materials/MaterialFunctions/PN_AnimationShader.uasset" 216
"../../../../../Game Project/Matt Aspland Gamejam 2021/EngineFiles/Decobrate/Content/PN_LowpolyGras/Materials/MA_lowpolyGrass.uasset" 217
"../../../../../Game Project/Matt Aspland Gamejam 2021/EngineFiles/Decobrate/Content/PN_LowpolyGras/Materials/Grass_05/Grass_05_Brush_01_Mat.uasset" 218
"../../../../../Game Project/Matt Aspland Gamejam 2021/EngineFiles/Decobrate/Content/PN_LowpolyGras/Meshes/Grass_05/grass_05_brush_01.uasset" 219
"../../../../../Game Project/Matt Aspland Gamejam 2021/EngineFiles/Decobrate/Content/PN_LowpolyGras/Textures/Grass_04/grass_04_Brush_01_Vec.uasset" 220
"../../../../../Game Project/Matt Aspland Gamejam 2021/EngineFiles/Decobrate/Content/PN_LowpolyGras/Textures/Grass_04/grass_04_Brush_01_PIV.uasset" 221
"../../../../../Game Project/Matt Aspland Gamejam 2021/EngineFiles/Decobrate/Content/PN_LowpolyGras/Materials/Grass_04/Grass_04_Brush_01_Mat.uasset" 222
"../../../../../Game Project/Matt Aspland Gamejam 2021/EngineFiles/Decobrate/Content/PN_LowpolyGras/Meshes/Grass_04/grass_04_Brush_01.uasset" 223
"../../../../../Game Project/Matt Aspland Gamejam 2021/EngineFiles/Decobrate/Content/PN_LowpolyGras/Textures/Grass_03/grass_03_Brush_01_Vec.uasset" 224
"../../../../../Game Project/Matt Aspland Gamejam 2021/EngineFiles/Decobrate/Content/PN_LowpolyGras/Textures/Grass_03/grass_03_Brush_01_PIV.uasset" 225
"../../../../../Game Project/Matt Aspland Gamejam 2021/EngineFiles/Decobrate/Content/PN_LowpolyGras/Materials/Grass_03/Grass_03_Brush_01_Mat.uasset" 226
"../../../../../Game Project/Matt Aspland Gamejam 2021/EngineFiles/Decobrate/Content/PN_LowpolyGras/Meshes/Grass_03/grass_03_Brush_01.uasset" 227
"../../../../../Game Project/Matt Aspland Gamejam 2021/EngineFiles/Decobrate/Content/PN_LowpolyGras/Textures/Grass_02/grass_02_Brush_01_Vec.uasset" 228
"../../../../../Game Project/Matt Aspland Gamejam 2021/EngineFiles/Decobrate/Content/PN_LowpolyGras/Textures/Grass_02/grass_02_Brush_01_PIV.uasset" 229
"../../../../../Game Project/Matt Aspland Gamejam 2021/EngineFiles/Decobrate/Content/PN_LowpolyGras/Materials/Grass_02/Grass_02_Brush_01_Mat.uasset" 230
"../../../../../Game Project/Matt Aspland Gamejam 2021/EngineFiles/Decobrate/Content/PN_LowpolyGras/Meshes/Grass_02/grass_02_Brush_01.uasset" 231
"../../../../../Game Project/Matt Aspland Gamejam 2021/EngineFiles/Decobrate/Content/PN_LowpolyGras/Textures/Grass_01/Grass_01_Brush_01_Vec.uasset" 232
"../../../../../Game Project/Matt Aspland Gamejam 2021/EngineFiles/Decobrate/Content/PN_LowpolyGras/Textures/Grass_01/Grass_01_Brush_01_PIV.uasset" 233
"../../../../../Game Project/Matt Aspland Gamejam 2021/EngineFiles/Decobrate/Content/PN_LowpolyGras/Materials/Grass_01/Grass_01_Brush_01_Mat.uasset" 234
"../../../../../Game Project/Matt Aspland Gamejam 2021/EngineFiles/Decobrate/Content/PN_LowpolyGras/Meshes/Grass_01/grass_01_Brush_01.uasset" 235
"../../../../../Game Project/Matt Aspland Gamejam 2021/EngineFiles/Decobrate/Content/Levels/Level_0/Widget/TutorialWidget/Facial_Expression_3.uasset" 236
"../../../../../Game Project/Matt Aspland Gamejam 2021/EngineFiles/Decobrate/Content/Levels/Level_0/Widget/TutorialWidget/Facial_Expression_2.uasset" 237
"../../../../../Game Project/Matt Aspland Gamejam 2021/EngineFiles/Decobrate/Content/Levels/Level_0/Widget/TutorialWidget/Facial_Expression_.uasset" 238
"../../../../../Game Project/Matt Aspland Gamejam 2021/EngineFiles/Decobrate/Content/Levels/Level_0/Widget/TutorialWidget/ConvoBubble.uasset" 239
"../../../../../Game Project/Matt Aspland Gamejam 2021/EngineFiles/Decobrate/Content/Levels/Level_0/Widget/TutorialWidget/Arrow.uasset" 240
"../../../../../Game Project/Matt Aspland Gamejam 2021/EngineFiles/Decobrate/Content/Font/AAntiCorona-L3Ax3.uasset" 241
"../../../../../Game Project/Matt Aspland Gamejam 2021/EngineFiles/Decobrate/Content/Font/AAntiCorona-L3Ax3_Font.uasset" 242
"../../../../../Game Project/Matt Aspland Gamejam 2021/EngineFiles/Decobrate/Content/Levels/Level_0/Widget/TutorialWidget/Tutorial_WBP.uasset" 243
"../../../Engine/Content/EngineMaterials/DefaultPhysicalMaterial.uasset" 244
"../../../Engine/Content/BasicShapes/Sphere.uasset" 245
"../../../../../Game Project/Matt Aspland Gamejam 2021/EngineFiles/Decobrate/Content/Materials/LandscapeGreen_MAT.uasset" 246
"../../../../../Game Project/Matt Aspland Gamejam 2021/EngineFiles/Decobrate/Content/Materials/LandscapeGreen_MAT_Inst.uasset" 247
"../../../Engine/Content/MapTemplates/TilingNoise05.uasset" 248
"../../../Engine/Content/Functions/Engine_MaterialFunctions02/SplitComponents.uasset" 249
"../../../Engine/Content/EngineSky/M_SkyTimeOfDay.uasset" 250
"../../../../../Game Project/Matt Aspland Gamejam 2021/EngineFiles/Decobrate/Content/Levels/Level_0/Level_0_BuiltData.uasset" 251
"../../../../../Game Project/Matt Aspland Gamejam 2021/EngineFiles/Decobrate/Content/Levels/Level_0/Widget/MainGameHud/CrossSign_80.uasset" 252
"../../../../../Game Project/Matt Aspland Gamejam 2021/EngineFiles/Decobrate/Content/Levels/Level_0/Widget/MainGameHud/CrossSign.uasset" 253
"../../../../../Game Project/Matt Aspland Gamejam 2021/EngineFiles/Decobrate/Content/Levels/Level_0/Widget/MainGameHud/Coin_No_BG.uasset" 254
"../../../../../Game Project/Matt Aspland Gamejam 2021/EngineFiles/Decobrate/Content/Levels/Level_0/Widget/MainGameHud/Chair_80.uasset" 255
"../../../../../Game Project/Matt Aspland Gamejam 2021/EngineFiles/Decobrate/Content/Levels/Level_0/Widget/MainGameHud/Chair.uasset" 256
"../../../../../Game Project/Matt Aspland Gamejam 2021/EngineFiles/Decobrate/Content/Assets/MyAssets/Wood/WoodFlooringMerbauBrickBondNatural001_NRM_4K.uasset" 257
"../../../../../Game Project/Matt Aspland Gamejam 2021/EngineFiles/Decobrate/Content/Assets/MyAssets/Wood/WoodFlooringMerbauBrickBondNatural001_COL_4K.uasset" 258
"../../../Engine/Content/Functions/Engine_MaterialFunctions01/Texturing/FlattenNormal.uasset" 259
"../../../../../Game Project/Matt Aspland Gamejam 2021/EngineFiles/Decobrate/Content/Assets/MyAssets/Wood/Wood.uasset" 260
"../../../../../Game Project/Matt Aspland Gamejam 2021/EngineFiles/Decobrate/Content/Assets/MyAssets/AgencyOffice/umqmdfxfw_2K_Roughness.uasset" 261
"../../../../../Game Project/Matt Aspland Gamejam 2021/EngineFiles/Decobrate/Content/Assets/MyAssets/AgencyOffice/umqmdfxfw_2K_Normal.uasset" 262
"../../../../../Game Project/Matt Aspland Gamejam 2021/EngineFiles/Decobrate/Content/Assets/MyAssets/AgencyOffice/Concrete_Wall_2x2_umqmdfxfw.uasset" 263
"../../../../../Game Project/Matt Aspland Gamejam 2021/EngineFiles/Decobrate/Content/Assets/MyAssets/AgencyOffice/Office.uasset" 264
"../../../../../Game Project/Matt Aspland Gamejam 2021/EngineFiles/Decobrate/Content/Blueprints/Office_BP.uasset" 265
"../../../../../Game Project/Matt Aspland Gamejam 2021/EngineFiles/Decobrate/Content/Levels/Level_0/Widget/MainGameHud/WidgetBlueprints/Store.uasset" 266
"../../../../../Game Project/Matt Aspland Gamejam 2021/EngineFiles/Decobrate/Content/Levels/Level_0/Widget/TutorialWidget/BlackArrow.uasset" 267
"../../../../../Game Project/Matt Aspland Gamejam 2021/EngineFiles/Decobrate/Content/Assets/Downloaded/SceneChangingWood.uasset" 268
"../../../../../Game Project/Matt Aspland Gamejam 2021/EngineFiles/Decobrate/Content/Levels/Level_0/Widget/MainGameHud/WidgetBlueprints/WBP_SceneChangng.uasset" 269
"../../../../../Game Project/Matt Aspland Gamejam 2021/EngineFiles/Decobrate/Content/Levels/Level_0/Widget/MainGameHud/BlackCross.uasset" 270
"../../../../../Game Project/Matt Aspland Gamejam 2021/EngineFiles/Decobrate/Content/Levels/Level_0/Widget/MainGameHud/BlackCross-80.uasset" 271
"../../../../../Game Project/Matt Aspland Gamejam 2021/EngineFiles/Decobrate/Content/Levels/Level_0/Widget/MainGameHud/WidgetBlueprints/Email1_Inbox.uasset" 272
"../../../../../Game Project/Matt Aspland Gamejam 2021/EngineFiles/Decobrate/Content/Levels/Level_0/Widget/MainGameHud/Line.uasset" 273
"../../../../../Game Project/Matt Aspland Gamejam 2021/EngineFiles/Decobrate/Content/Levels/Level_0/Widget/MainGameHud/WidgetBlueprints/Email.uasset" 274
"../../../../../Game Project/Matt Aspland Gamejam 2021/EngineFiles/Decobrate/Content/Levels/Level_0/Widget/MainGameHud/StoreLogo__50__Opacity_.uasset" 275
"../../../../../Game Project/Matt Aspland Gamejam 2021/EngineFiles/Decobrate/Content/Levels/Level_0/Widget/MainGameHud/StoreLogo.uasset" 276
"../../../../../Game Project/Matt Aspland Gamejam 2021/EngineFiles/Decobrate/Content/Levels/Level_0/Widget/MainGameHud/Red_Box.uasset" 277
"../../../../../Game Project/Matt Aspland Gamejam 2021/EngineFiles/Decobrate/Content/Levels/Level_0/Widget/MainGameHud/Icon_95_.uasset" 278
"../../../../../Game Project/Matt Aspland Gamejam 2021/EngineFiles/Decobrate/Content/Levels/Level_0/Widget/MainGameHud/EmailIcon.uasset" 279
"../../../../../Game Project/Matt Aspland Gamejam 2021/EngineFiles/Decobrate/Content/Levels/Level_0/Widget/MainGameHud/Chair_NoBG.uasset" 280
"../../../../../Game Project/Matt Aspland Gamejam 2021/EngineFiles/Decobrate/Content/Levels/Level_0/Widget/MainGameHud/WidgetBlueprints/Hud.uasset" 281
"../../../../../Game Project/Matt Aspland Gamejam 2021/EngineFiles/Decobrate/Content/Levels/GameSound.uasset" 282
"../../../../../Game Project/Matt Aspland Gamejam 2021/EngineFiles/Decobrate/Content/Blueprints/MyPlayerController.uasset" 283
"../../../../../Game Project/Matt Aspland Gamejam 2021/EngineFiles/Decobrate/Content/Blueprints/GM_Level0.uasset" 284
"../../../../../Game Project/Matt Aspland Gamejam 2021/EngineFiles/Decobrate/Content/Assets/MyAssets/Arrow/Red.uasset" 285
"../../../../../Game Project/Matt Aspland Gamejam 2021/EngineFiles/Decobrate/Content/Assets/MyAssets/Arrow/Arrow.uasset" 286
"../../../../../Game Project/Matt Aspland Gamejam 2021/EngineFiles/Decobrate/Content/Blueprints/FloatingArrow3D_BP.uasset" 287
"../../../Engine/Content/BasicShapes/Plane.uasset" 288
"../../../../../Game Project/Matt Aspland Gamejam 2021/EngineFiles/Decobrate/Content/Assets/MyAssets/AgencyOffice/M_GlassDuplicate.uasset" 289
"../../../../../Game Project/Matt Aspland Gamejam 2021/EngineFiles/Decobrate/Content/Blueprints/DoorRight.uasset" 290
"../../../../../Game Project/Matt Aspland Gamejam 2021/EngineFiles/Decobrate/Content/Blueprints/DoorLeft.uasset" 291
"../../../../../Game Project/Matt Aspland Gamejam 2021/EngineFiles/Decobrate/Content/Assets/Downloaded/Building/WindowWhit.uasset" 292
"../../../../../Game Project/Matt Aspland Gamejam 2021/EngineFiles/Decobrate/Content/Assets/Downloaded/Building/WindowLightPik.uasset" 293
"../../../../../Game Project/Matt Aspland Gamejam 2021/EngineFiles/Decobrate/Content/Assets/Downloaded/Building/WindowLightBlu.uasset" 294
"../../../../../Game Project/Matt Aspland Gamejam 2021/EngineFiles/Decobrate/Content/Assets/Downloaded/Building/WindowEmpt.uasset" 295
"../../../../../Game Project/Matt Aspland Gamejam 2021/EngineFiles/Decobrate/Content/Assets/Downloaded/Building/Silver.uasset" 296
"../../../../../Game Project/Matt Aspland Gamejam 2021/EngineFiles/Decobrate/Content/Assets/Downloaded/Building/MainBrik.uasset" 297
"../../../../../Game Project/Matt Aspland Gamejam 2021/EngineFiles/Decobrate/Content/Assets/Downloaded/Building/DoorBlu.uasset" 298
"../../../../../Game Project/Matt Aspland Gamejam 2021/EngineFiles/Decobrate/Content/Assets/Downloaded/Building/DoorBlac.uasset" 299
"../../../../../Game Project/Matt Aspland Gamejam 2021/EngineFiles/Decobrate/Content/Assets/Downloaded/Building/ConcreteLigh.uasset" 300
"../../../../../Game Project/Matt Aspland Gamejam 2021/EngineFiles/Decobrate/Content/Assets/Downloaded/Building/ConcreteDar.uasset" 301
"../../../../../Game Project/Matt Aspland Gamejam 2021/EngineFiles/Decobrate/Content/Assets/Downloaded/Building/Building_1.uasset" 302
"../../../../../Game Project/Matt Aspland Gamejam 2021/EngineFiles/Decobrate/Content/Blueprints/Building1_BP.uasset" 303
"../../../../../Game Project/Matt Aspland Gamejam 2021/EngineFiles/Decobrate/Content/Assets/Downloaded/Cars/Car2/Car_Texture_2.uasset" 304
"../../../../../Game Project/Matt Aspland Gamejam 2021/EngineFiles/Decobrate/Content/Assets/Downloaded/Cars/Car2/Material_car9.uasset" 305
"../../../../../Game Project/Matt Aspland Gamejam 2021/EngineFiles/Decobrate/Content/Assets/Downloaded/Cars/Car2/LowPolyCar_2.uasset" 306
"../../../../../Game Project/Matt Aspland Gamejam 2021/EngineFiles/Decobrate/Content/Blueprints/Spline_Car1.uasset" 307
"../../../../../Game Project/Matt Aspland Gamejam 2021/EngineFiles/Decobrate/Content/Blueprints/BP_CarSpawn1.uasset" 308
"../../../../../Game Project/Matt Aspland Gamejam 2021/EngineFiles/Decobrate/Content/Assets/Downloaded/Cars/Car1/Car_Texture_1.uasset" 309
"../../../../../Game Project/Matt Aspland Gamejam 2021/EngineFiles/Decobrate/Content/Assets/Downloaded/Cars/Car1/Material_car2.uasset" 310
"../../../../../Game Project/Matt Aspland Gamejam 2021/EngineFiles/Decobrate/Content/Assets/Downloaded/Cars/Car1/LowPolyCars.uasset" 311
"../../../../../Game Project/Matt Aspland Gamejam 2021/EngineFiles/Decobrate/Content/Blueprints/Spline_Car.uasset" 312
"../../../../../Game Project/Matt Aspland Gamejam 2021/EngineFiles/Decobrate/Content/Blueprints/BP_CarSpawn.uasset" 313
"../../../../../Game Project/Matt Aspland Gamejam 2021/EngineFiles/Decobrate/Content/Megascans/Surfaces/Fine_American_Road_sjfnbeaa/Roughness_2K_sjfnbeaa.uasset" 314
"../../../../../Game Project/Matt Aspland Gamejam 2021/EngineFiles/Decobrate/Content/Megascans/Surfaces/Fine_American_Road_sjfnbeaa/Normal_2K_sjfnbeaa.uasset" 315
"../../../../../Game Project/Matt Aspland Gamejam 2021/EngineFiles/Decobrate/Content/Megascans/Surfaces/Fine_American_Road_sjfnbeaa/Displacement_2K_sjfnbeaa.uasset" 316
"../../../../../Game Project/Matt Aspland Gamejam 2021/EngineFiles/Decobrate/Content/Megascans/Surfaces/Fine_American_Road_sjfnbeaa/Albedo_2K_sjfnbeaa.uasset" 317
"../../../../../Game Project/Matt Aspland Gamejam 2021/EngineFiles/Decobrate/Content/Assets/MyAssets/Road/Fine_American_sjfnbeaa.uasset" 318
"../../../../../Game Project/Matt Aspland Gamejam 2021/EngineFiles/Decobrate/Content/Assets/MyAssets/Road/Road2.uasset" 319
"../../../../../Game Project/Matt Aspland Gamejam 2021/EngineFiles/Decobrate/Content/Assets/MyAssets/Chair-table/WoodTexture.uasset" 320
"../../../../../Game Project/Matt Aspland Gamejam 2021/EngineFiles/Decobrate/Content/Assets/MyAssets/Chair-table/Wood.uasset" 321
"../../../../../Game Project/Matt Aspland Gamejam 2021/EngineFiles/Decobrate/Content/Assets/MyAssets/Chair-table/Chair_Table_Cube_001.uasset" 322
"../../../../../Game Project/Matt Aspland Gamejam 2021/EngineFiles/Decobrate/Content/Assets/MyAssets/Chair-table/Chair_Table_Cube.uasset" 323
"../../../../../Game Project/Matt Aspland Gamejam 2021/EngineFiles/Decobrate/Content/Assets/Downloaded/Rock_MAT.uasset" 324
"../../../../../Game Project/Matt Aspland Gamejam 2021/EngineFiles/Decobrate/Content/Assets/Downloaded/NormalTree_2/low-poly-tree_Icosphere_003.uasset" 325
"../../../../../Game Project/Matt Aspland Gamejam 2021/EngineFiles/Decobrate/Content/Assets/Downloaded/NormalTree_2/low-poly-tree_Icosphere.uasset" 326
"../../../../../Game Project/Matt Aspland Gamejam 2021/EngineFiles/Decobrate/Content/Assets/Downloaded/NormalTree_2/Material.uasset" 327
"../../../../../Game Project/Matt Aspland Gamejam 2021/EngineFiles/Decobrate/Content/Assets/Downloaded/NormalTree_2/low-poly-tree_Cube.uasset" 328
"../../../../../Game Project/Matt Aspland Gamejam 2021/EngineFiles/Decobrate/Content/Assets/Downloaded/NormalTree_2/Material_006.uasset" 329
"../../../../../Game Project/Matt Aspland Gamejam 2021/EngineFiles/Decobrate/Content/Assets/Downloaded/NormalTree_2/Material_003.uasset" 330
"../../../../../Game Project/Matt Aspland Gamejam 2021/EngineFiles/Decobrate/Content/Assets/Downloaded/NormalTree_2/Material_002.uasset" 331
"../../../../../Game Project/Matt Aspland Gamejam 2021/EngineFiles/Decobrate/Content/Assets/Downloaded/NormalTree_2/Material_001.uasset" 332
"../../../../../Game Project/Matt Aspland Gamejam 2021/EngineFiles/Decobrate/Content/Assets/Downloaded/Merged/MergedTree.uasset" 333
"../../../../../Game Project/Matt Aspland Gamejam 2021/EngineFiles/Decobrate/Content/Assets/Downloaded/JhauTree/Leaves.uasset" 334
"../../../../../Game Project/Matt Aspland Gamejam 2021/EngineFiles/Decobrate/Content/Assets/Downloaded/JhauTree/Bark.uasset" 335
"../../../../../Game Project/Matt Aspland Gamejam 2021/EngineFiles/Decobrate/Content/Assets/Downloaded/Merged/Merged.uasset" 336
"../../../../../Game Project/Matt Aspland Gamejam 2021/EngineFiles/Decobrate/Content/Assets/Downloaded/Merged/lowpolytree.uasset" 337
"../../../../../Game Project/Matt Aspland Gamejam 2021/EngineFiles/Decobrate/Content/Levels/Level_0/Level_0.umap" 338
"../../../../../Game Project/Matt Aspland Gamejam 2021/EngineFiles/Decobrate/Content/Levels/Level_0/Widget/MainGameHud/Credits_Screen.uasset" 339
"../../../../../Game Project/Matt Aspland Gamejam 2021/EngineFiles/Decobrate/Content/Levels/Level_0/Widget/MainGameHud/WidgetBlueprints/Credits.uasset" 340
"../../../../../Game Project/Matt Aspland Gamejam 2021/EngineFiles/Decobrate/Content/Levels/Level_0/Widget/MainGameHud/HighresScreenshot00000.uasset" 341
"../../../../../Game Project/Matt Aspland Gamejam 2021/EngineFiles/Decobrate/Content/Levels/Level_0/Widget/MainGameHud/WidgetBlueprints/MainMenu.uasset" 342
"../../../../../Game Project/Matt Aspland Gamejam 2021/EngineFiles/Decobrate/Content/Levels/Level_0/MainMenuLevel.umap" 343
"../../../../../Game Project/Matt Aspland Gamejam 2021/EngineFiles/Decobrate/Content/Levels/Level_1/Level_1_BuiltData.uasset" 344
"../../../../../Game Project/Matt Aspland Gamejam 2021/EngineFiles/Decobrate/Content/Levels/Level_1/Widget/Welcome.uasset" 345
"../../../../../Game Project/Matt Aspland Gamejam 2021/EngineFiles/Decobrate/Content/Levels/Level_1/Widget/Tick.uasset" 346
"../../../../../Game Project/Matt Aspland Gamejam 2021/EngineFiles/Decobrate/Content/Levels/Level_1/Widget/plaza-led-te-street-lamp-l.uasset" 347
"../../../../../Game Project/Matt Aspland Gamejam 2021/EngineFiles/Decobrate/Content/Levels/Level_1/Widget/CristmasTree.uasset" 348
"../../../../../Game Project/Matt Aspland Gamejam 2021/EngineFiles/Decobrate/Content/Assets/MyAssets/WelcomeGate/Emission.uasset" 349
"../../../../../Game Project/Matt Aspland Gamejam 2021/EngineFiles/Decobrate/Content/Assets/MyAssets/WelcomeGate/WelcomeGate_Text.uasset" 350
"../../../../../Game Project/Matt Aspland Gamejam 2021/EngineFiles/Decobrate/Content/Blueprints/Welcomegate_BP.uasset" 351
"../../../../../Game Project/Matt Aspland Gamejam 2021/EngineFiles/Decobrate/Content/Assets/MyAssets/StreetLight/Light.uasset" 352
"../../../../../Game Project/Matt Aspland Gamejam 2021/EngineFiles/Decobrate/Content/Assets/MyAssets/StreetLight/Black.uasset" 353
"../../../../../Game Project/Matt Aspland Gamejam 2021/EngineFiles/Decobrate/Content/Assets/MyAssets/StreetLight/StreetLight.uasset" 354
"../../../../../Game Project/Matt Aspland Gamejam 2021/EngineFiles/Decobrate/Content/Blueprints/StreetLight_BP.uasset" 355
"../../../../../Game Project/Matt Aspland Gamejam 2021/EngineFiles/Decobrate/Content/Assets/Downloaded/CristmasTree/Material_002.uasset" 356
"../../../../../Game Project/Matt Aspland Gamejam 2021/EngineFiles/Decobrate/Content/Assets/Downloaded/CristmasTree/Material_001.uasset" 357
"../../../../../Game Project/Matt Aspland Gamejam 2021/EngineFiles/Decobrate/Content/Assets/Downloaded/CristmasTree/ChristmasTreeRemesh.uasset" 358
"../../../../../Game Project/Matt Aspland Gamejam 2021/EngineFiles/Decobrate/Content/Assets/Downloaded/CristmasTree/ChristmasTreeRemesh_Blueprint.uasset" 359
"../../../../../Game Project/Matt Aspland Gamejam 2021/EngineFiles/Decobrate/Content/Levels/Level_1/Widget/WBP_SpawningObjects.uasset" 360
"../../../../../Game Project/Matt Aspland Gamejam 2021/EngineFiles/Decobrate/Content/Levels/Level_0/Widget/MainGameHud/WidgetBlueprints/Hud_LV1.uasset" 361
"../../../Engine/Content/BasicShapes/Cube.uasset" 362
"../../../Engine/Content/BasicShapes/BasicShapeMaterial.uasset" 363
"../../../../../Game Project/Matt Aspland Gamejam 2021/EngineFiles/Decobrate/Content/Blueprints/Spline.uasset" 364
"../../../../../Game Project/Matt Aspland Gamejam 2021/EngineFiles/Decobrate/Content/Blueprints/GM_Level1.uasset" 365
"../../../../../Game Project/Matt Aspland Gamejam 2021/EngineFiles/Decobrate/Content/Levels/Level_1/Level_1.umap" 366
"../../../../../Game Project/Matt Aspland Gamejam 2021/EngineFiles/Decobrate/Content/Levels/Level_0/Widget/MainGameHud/WidgetBlueprints/Store_LV2.uasset" 367
"../../../../../Game Project/Matt Aspland Gamejam 2021/EngineFiles/Decobrate/Content/Levels/Level_0/Widget/MainGameHud/WidgetBlueprints/Email2_Inbox.uasset" 368
"../../../../../Game Project/Matt Aspland Gamejam 2021/EngineFiles/Decobrate/Content/Levels/Level_0/Widget/MainGameHud/WidgetBlueprints/Email_LV2.uasset" 369
"../../../../../Game Project/Matt Aspland Gamejam 2021/EngineFiles/Decobrate/Content/Levels/Level_0/Widget/MainGameHud/WidgetBlueprints/Hud_LV2.uasset" 370
"../../../../../Game Project/Matt Aspland Gamejam 2021/EngineFiles/Decobrate/Content/Levels/Level_2/Level_2_BuiltData.uasset" 371
"../../../../../Game Project/Matt Aspland Gamejam 2021/EngineFiles/Decobrate/Content/Levels/Level_2/WBP_LV2.uasset" 372
"../../../../../Game Project/Matt Aspland Gamejam 2021/EngineFiles/Decobrate/Content/Levels/Level_2/Level_2.umap" 373
"../../../../../Game Project/Matt Aspland Gamejam 2021/EngineFiles/Decobrate/Content/Levels/MattAsplandLevel/Firework.uasset" 374
"../../../../../Game Project/Matt Aspland Gamejam 2021/EngineFiles/Decobrate/Content/Assets/MyAssets/Firework/Blue-Star.uasset" 375
"../../../../../Game Project/Matt Aspland Gamejam 2021/EngineFiles/Decobrate/Content/Assets/MyAssets/Firework/Material_001.uasset" 376
"../../../../../Game Project/Matt Aspland Gamejam 2021/EngineFiles/Decobrate/Content/Assets/MyAssets/Firework/Merged.uasset" 377
"../../../../../Game Project/Matt Aspland Gamejam 2021/EngineFiles/Decobrate/Content/Blueprints/Firework_BP.uasset" 378
"../../../../../Game Project/Matt Aspland Gamejam 2021/EngineFiles/Decobrate/Content/Levels/MattAsplandLevel/FinalLevelHud.uasset" 379
"../../../../../Game Project/Matt Aspland Gamejam 2021/EngineFiles/Decobrate/Content/Levels/MattAsplandLevel/FinalLevel_BuiltData.uasset" 380
"../../../../../Game Project/Matt Aspland Gamejam 2021/EngineFiles/Decobrate/Content/Assets/Downloaded/Building_2/Metal.uasset" 381
"../../../../../Game Project/Matt Aspland Gamejam 2021/EngineFiles/Decobrate/Content/Assets/Downloaded/Building_2/Glass.uasset" 382
"../../../../../Game Project/Matt Aspland Gamejam 2021/EngineFiles/Decobrate/Content/Assets/Downloaded/Building_2/Frame.uasset" 383
"../../../../../Game Project/Matt Aspland Gamejam 2021/EngineFiles/Decobrate/Content/Assets/Downloaded/Building_2/02___Default.uasset" 384
"../../../../../Game Project/Matt Aspland Gamejam 2021/EngineFiles/Decobrate/Content/Assets/Downloaded/Building_2/Building.uasset" 385
"../../../../../Game Project/Matt Aspland Gamejam 2021/EngineFiles/Decobrate/Content/Blueprints/FinalLevelPawn_BP.uasset" 386
"../../../../../Game Project/Matt Aspland Gamejam 2021/EngineFiles/Decobrate/Content/Blueprints/GM_FinalLevel.uasset" 387
"../../../../../Game Project/Matt Aspland Gamejam 2021/EngineFiles/Decobrate/Content/Levels/MattAsplandLevel/FinalLevel.umap" 388
"../../../../../Game Project/Matt Aspland Gamejam 2021/EngineFiles/Decobrate/Content/StarterContent/Materials/M_Glass.uasset" 389
"../../../../../Game Project/Matt Aspland Gamejam 2021/EngineFiles/Decobrate/Content/Levels/MattAsplandLevel/VideoPawn_BP.uasset" 390
"../../../../../Game Project/Matt Aspland Gamejam 2021/EngineFiles/Decobrate/Content/Levels/MattAsplandLevel/Video_GM.uasset" 391
"../../../../../Game Project/Matt Aspland Gamejam 2021/EngineFiles/Decobrate/Content/Levels/MattAsplandLevel/SampleVideo.uasset" 392
"../../../../../Game Project/Matt Aspland Gamejam 2021/EngineFiles/Decobrate/Content/Levels/MattAsplandLevel/MyPlayer.uasset" 393
"../../../../../Game Project/Matt Aspland Gamejam 2021/EngineFiles/Decobrate/Content/Levels/MattAsplandLevel/MyPlayer_Video.uasset" 394
"../../../../../Game Project/Matt Aspland Gamejam 2021/EngineFiles/Decobrate/Content/Levels/MattAsplandLevel/MyPlayer_Video_Mat.uasset" 395
"../../../../../Game Project/Matt Aspland Gamejam 2021/EngineFiles/Decobrate/Content/Levels/MattAsplandLevel/VideoLevel.umap" 396
"../../../Engine/Content/Maps/Entry_BuiltData.uasset" 397
"../../../Engine/Content/Maps/Entry.umap" 398
